|--- feature_0 <= 1969.50
|   |--- feature_13 <= 8.00
|   |   |--- feature_13 <= 5.00
|   |   |   |--- feature_13 <= 5.00
|   |   |   |   |--- feature_13 <= 4.00
|   |   |   |   |   |--- feature_14 <= 1.50
|   |   |   |   |   |   |--- feature_11 <= 4.80
|   |   |   |   |   |   |   |--- feature_13 <= 3.00
|   |   |   |   |   |   |   |   |--- feature_40 <= 0.00
|   |   |   |   |   |   |   |   |   |--- feature_12 <= 4.05
|   |   |   |   |   |   |   |   |   |   |--- class: negative
|   |   |   |   |   |   |   |   |   |--- feature_12 >  4.05
|   |   |   |   |   |   |   |   |   |   |--- feature_12 <= 16.99
|   |   |   |   |   |   |   |   |   |   |   |--- truncated branch of depth 8
|   |   |   |   |   |   |   |   |   |   |--- feature_12 >  16.99
|   |   |   |   |   |   |   |   |   |   |   |--- truncated branch of depth 4
|   |   |   |   |   |   |   |   |--- feature_40 >  0.00
|   |   |   |   |   |   |   |   |   |--- feature_5 <= 40.38
|   |   |   |   |   |   |   |   |   |   |--- feature_12 <= 23.96
|   |   |   |   |   |   |   |   |   |   |   |--- class: negative
|   |   |   |   |   |   |   |   |   |   |--- feature_12 >  23.96
|   |   |   |   |   |   |   |   |   |   |   |--- class: positive
|   |   |   |   |   |   |   |   |   |--- feature_5 >  40.38
|   |   |   |   |   |   |   |   |   |   |--- class: positive
|   |   |   |   |   |   |   |--- feature_13 >  3.00
|   |   |   |   |   |   |   |   |--- feature_13 <= 4.00
|   |   |   |   |   |   |   |   |   |--- class: positive
|   |   |   |   |   |   |   |   |--- feature_13 >  4.00
|   |   |   |   |   |   |   |   |   |--- feature_1 <= 49.00
|   |   |   |   |   |   |   |   |   |   |--- feature_9 <= 9.25
|   |   |   |   |   |   |   |   |   |   |   |--- truncated branch of depth 3
|   |   |   |   |   |   |   |   |   |   |--- feature_9 >  9.25
|   |   |   |   |   |   |   |   |   |   |   |--- truncated branch of depth 8
|   |   |   |   |   |   |   |   |   |--- feature_1 >  49.00
|   |   |   |   |   |   |   |   |   |   |--- feature_5 <= 40.89
|   |   |   |   |   |   |   |   |   |   |   |--- truncated branch of depth 2
|   |   |   |   |   |   |   |   |   |   |--- feature_5 >  40.89
|   |   |   |   |   |   |   |   |   |   |   |--- class: negative
|   |   |   |   |   |   |--- feature_11 >  4.80
|   |   |   |   |   |   |   |--- class: positive
|   |   |   |   |   |--- feature_14 >  1.50
|   |   |   |   |   |   |--- feature_13 <= 4.00
|   |   |   |   |   |   |   |--- feature_13 <= 3.00
|   |   |   |   |   |   |   |   |--- feature_9 <= 7.37
|   |   |   |   |   |   |   |   |   |--- feature_0 <= 1961.00
|   |   |   |   |   |   |   |   |   |   |--- class: negative
|   |   |   |   |   |   |   |   |   |--- feature_0 >  1961.00
|   |   |   |   |   |   |   |   |   |   |--- feature_12 <= 40.05
|   |   |   |   |   |   |   |   |   |   |   |--- class: positive
|   |   |   |   |   |   |   |   |   |   |--- feature_12 >  40.05
|   |   |   |   |   |   |   |   |   |   |   |--- class: negative
|   |   |   |   |   |   |   |   |--- feature_9 >  7.37
|   |   |   |   |   |   |   |   |   |--- feature_13 <= 2.99
|   |   |   |   |   |   |   |   |   |   |--- feature_13 <= 2.01
|   |   |   |   |   |   |   |   |   |   |   |--- truncated branch of depth 5
|   |   |   |   |   |   |   |   |   |   |--- feature_13 >  2.01
|   |   |   |   |   |   |   |   |   |   |   |--- class: positive
|   |   |   |   |   |   |   |   |   |--- feature_13 >  2.99
|   |   |   |   |   |   |   |   |   |   |--- feature_6 <= -96.47
|   |   |   |   |   |   |   |   |   |   |   |--- truncated branch of depth 8
|   |   |   |   |   |   |   |   |   |   |--- feature_6 >  -96.47
|   |   |   |   |   |   |   |   |   |   |   |--- truncated branch of depth 6
|   |   |   |   |   |   |   |--- feature_13 >  3.00
|   |   |   |   |   |   |   |   |--- class: positive
|   |   |   |   |   |   |--- feature_13 >  4.00
|   |   |   |   |   |   |   |--- feature_40 <= 0.00
|   |   |   |   |   |   |   |   |--- feature_10 <= 29.90
|   |   |   |   |   |   |   |   |   |--- feature_5 <= 42.54
|   |   |   |   |   |   |   |   |   |   |--- feature_5 <= 41.75
|   |   |   |   |   |   |   |   |   |   |   |--- truncated branch of depth 7
|   |   |   |   |   |   |   |   |   |   |--- feature_5 >  41.75
|   |   |   |   |   |   |   |   |   |   |   |--- class: negative
|   |   |   |   |   |   |   |   |   |--- feature_5 >  42.54
|   |   |   |   |   |   |   |   |   |   |--- feature_5 <= 42.61
|   |   |   |   |   |   |   |   |   |   |   |--- truncated branch of depth 2
|   |   |   |   |   |   |   |   |   |   |--- feature_5 >  42.61
|   |   |   |   |   |   |   |   |   |   |   |--- class: negative
|   |   |   |   |   |   |   |   |--- feature_10 >  29.90
|   |   |   |   |   |   |   |   |   |--- feature_20 <= 0.05
|   |   |   |   |   |   |   |   |   |   |--- feature_9 <= 10.05
|   |   |   |   |   |   |   |   |   |   |   |--- class: positive
|   |   |   |   |   |   |   |   |   |   |--- feature_9 >  10.05
|   |   |   |   |   |   |   |   |   |   |   |--- class: negative
|   |   |   |   |   |   |   |   |   |--- feature_20 >  0.05
|   |   |   |   |   |   |   |   |   |   |--- feature_27 <= 0.02
|   |   |   |   |   |   |   |   |   |   |   |--- truncated branch of depth 5
|   |   |   |   |   |   |   |   |   |   |--- feature_27 >  0.02
|   |   |   |   |   |   |   |   |   |   |   |--- truncated branch of depth 2
|   |   |   |   |   |   |   |--- feature_40 >  0.00
|   |   |   |   |   |   |   |   |--- feature_40 <= 0.98
|   |   |   |   |   |   |   |   |   |--- class: positive
|   |   |   |   |   |   |   |   |--- feature_40 >  0.98
|   |   |   |   |   |   |   |   |   |--- feature_7 <= 5.00
|   |   |   |   |   |   |   |   |   |   |--- feature_9 <= 18.60
|   |   |   |   |   |   |   |   |   |   |   |--- truncated branch of depth 4
|   |   |   |   |   |   |   |   |   |   |--- feature_9 >  18.60
|   |   |   |   |   |   |   |   |   |   |   |--- class: positive
|   |   |   |   |   |   |   |   |   |--- feature_7 >  5.00
|   |   |   |   |   |   |   |   |   |   |--- class: positive
|   |   |   |   |--- feature_13 >  4.00
|   |   |   |   |   |--- class: positive
|   |   |   |--- feature_13 >  5.00
|   |   |   |   |--- feature_26 <= 0.00
|   |   |   |   |   |--- feature_12 <= 39.15
|   |   |   |   |   |   |--- feature_1 <= 46.50
|   |   |   |   |   |   |   |--- feature_14 <= 1.50
|   |   |   |   |   |   |   |   |--- feature_11 <= 4.86
|   |   |   |   |   |   |   |   |   |--- feature_6 <= -96.05
|   |   |   |   |   |   |   |   |   |   |--- feature_10 <= 59.73
|   |   |   |   |   |   |   |   |   |   |   |--- truncated branch of depth 3
|   |   |   |   |   |   |   |   |   |   |--- feature_10 >  59.73
|   |   |   |   |   |   |   |   |   |   |   |--- class: positive
|   |   |   |   |   |   |   |   |   |--- feature_6 >  -96.05
|   |   |   |   |   |   |   |   |   |   |--- feature_47 <= 0.50
|   |   |   |   |   |   |   |   |   |   |   |--- truncated branch of depth 2
|   |   |   |   |   |   |   |   |   |   |--- feature_47 >  0.50
|   |   |   |   |   |   |   |   |   |   |   |--- class: negative
|   |   |   |   |   |   |   |   |--- feature_11 >  4.86
|   |   |   |   |   |   |   |   |   |--- class: positive
|   |   |   |   |   |   |   |--- feature_14 >  1.50
|   |   |   |   |   |   |   |   |--- feature_18 <= 0.50
|   |   |   |   |   |   |   |   |   |--- feature_11 <= 5.95
|   |   |   |   |   |   |   |   |   |   |--- feature_1 <= 22.50
|   |   |   |   |   |   |   |   |   |   |   |--- class: negative
|   |   |   |   |   |   |   |   |   |   |--- feature_1 >  22.50
|   |   |   |   |   |   |   |   |   |   |   |--- truncated branch of depth 3
|   |   |   |   |   |   |   |   |   |--- feature_11 >  5.95
|   |   |   |   |   |   |   |   |   |   |--- class: negative
|   |   |   |   |   |   |   |   |--- feature_18 >  0.50
|   |   |   |   |   |   |   |   |   |--- class: positive
|   |   |   |   |   |   |--- feature_1 >  46.50
|   |   |   |   |   |   |   |--- feature_12 <= 8.97
|   |   |   |   |   |   |   |   |--- feature_6 <= -97.48
|   |   |   |   |   |   |   |   |   |--- feature_6 <= -100.65
|   |   |   |   |   |   |   |   |   |   |--- class: negative
|   |   |   |   |   |   |   |   |   |--- feature_6 >  -100.65
|   |   |   |   |   |   |   |   |   |   |--- feature_11 <= 5.11
|   |   |   |   |   |   |   |   |   |   |   |--- truncated branch of depth 2
|   |   |   |   |   |   |   |   |   |   |--- feature_11 >  5.11
|   |   |   |   |   |   |   |   |   |   |   |--- class: positive
|   |   |   |   |   |   |   |   |--- feature_6 >  -97.48
|   |   |   |   |   |   |   |   |   |--- class: negative
|   |   |   |   |   |   |   |--- feature_12 >  8.97
|   |   |   |   |   |   |   |   |--- feature_43 <= 0.02
|   |   |   |   |   |   |   |   |   |--- feature_0 <= 1934.50
|   |   |   |   |   |   |   |   |   |   |--- feature_0 <= 1911.50
|   |   |   |   |   |   |   |   |   |   |   |--- class: negative
|   |   |   |   |   |   |   |   |   |   |--- feature_0 >  1911.50
|   |   |   |   |   |   |   |   |   |   |   |--- truncated branch of depth 2
|   |   |   |   |   |   |   |   |   |--- feature_0 >  1934.50
|   |   |   |   |   |   |   |   |   |   |--- feature_1 <= 328.00
|   |   |   |   |   |   |   |   |   |   |   |--- truncated branch of depth 4
|   |   |   |   |   |   |   |   |   |   |--- feature_1 >  328.00
|   |   |   |   |   |   |   |   |   |   |   |--- truncated branch of depth 3
|   |   |   |   |   |   |   |   |--- feature_43 >  0.02
|   |   |   |   |   |   |   |   |   |--- feature_6 <= -97.85
|   |   |   |   |   |   |   |   |   |   |--- class: negative
|   |   |   |   |   |   |   |   |   |--- feature_6 >  -97.85
|   |   |   |   |   |   |   |   |   |   |--- feature_12 <= 20.06
|   |   |   |   |   |   |   |   |   |   |   |--- class: negative
|   |   |   |   |   |   |   |   |   |   |--- feature_12 >  20.06
|   |   |   |   |   |   |   |   |   |   |   |--- class: positive
|   |   |   |   |   |--- feature_12 >  39.15
|   |   |   |   |   |   |--- feature_8 <= 5.50
|   |   |   |   |   |   |   |--- feature_11 <= 5.95
|   |   |   |   |   |   |   |   |--- feature_11 <= 5.85
|   |   |   |   |   |   |   |   |   |--- class: negative
|   |   |   |   |   |   |   |   |--- feature_11 >  5.85
|   |   |   |   |   |   |   |   |   |--- feature_12 <= 57.15
|   |   |   |   |   |   |   |   |   |   |--- class: positive
|   |   |   |   |   |   |   |   |   |--- feature_12 >  57.15
|   |   |   |   |   |   |   |   |   |   |--- class: negative
|   |   |   |   |   |   |   |--- feature_11 >  5.95
|   |   |   |   |   |   |   |   |--- class: negative
|   |   |   |   |   |   |--- feature_8 >  5.50
|   |   |   |   |   |   |   |--- feature_11 <= 8.80
|   |   |   |   |   |   |   |   |--- class: negative
|   |   |   |   |   |   |   |--- feature_11 >  8.80
|   |   |   |   |   |   |   |   |--- class: positive
|   |   |   |   |--- feature_26 >  0.00
|   |   |   |   |   |--- feature_26 <= 0.99
|   |   |   |   |   |   |--- class: positive
|   |   |   |   |   |--- feature_26 >  0.99
|   |   |   |   |   |   |--- feature_0 <= 1951.50
|   |   |   |   |   |   |   |--- feature_10 <= 41.57
|   |   |   |   |   |   |   |   |--- feature_16 <= 0.50
|   |   |   |   |   |   |   |   |   |--- feature_22 <= 0.50
|   |   |   |   |   |   |   |   |   |   |--- class: negative
|   |   |   |   |   |   |   |   |   |--- feature_22 >  0.50
|   |   |   |   |   |   |   |   |   |   |--- class: positive
|   |   |   |   |   |   |   |   |--- feature_16 >  0.50
|   |   |   |   |   |   |   |   |   |--- class: positive
|   |   |   |   |   |   |   |--- feature_10 >  41.57
|   |   |   |   |   |   |   |   |--- feature_1 <= 477.50
|   |   |   |   |   |   |   |   |   |--- class: negative
|   |   |   |   |   |   |   |   |--- feature_1 >  477.50
|   |   |   |   |   |   |   |   |   |--- feature_0 <= 1937.50
|   |   |   |   |   |   |   |   |   |   |--- class: negative
|   |   |   |   |   |   |   |   |   |--- feature_0 >  1937.50
|   |   |   |   |   |   |   |   |   |   |--- class: positive
|   |   |   |   |   |   |--- feature_0 >  1951.50
|   |   |   |   |   |   |   |--- feature_8 <= 4.50
|   |   |   |   |   |   |   |   |--- class: negative
|   |   |   |   |   |   |   |--- feature_8 >  4.50
|   |   |   |   |   |   |   |   |--- class: positive
|   |   |--- feature_13 >  5.00
|   |   |   |--- feature_12 <= 22.45
|   |   |   |   |--- feature_5 <= 42.12
|   |   |   |   |   |--- feature_16 <= 0.77
|   |   |   |   |   |   |--- feature_9 <= 24.55
|   |   |   |   |   |   |   |--- class: positive
|   |   |   |   |   |   |--- feature_9 >  24.55
|   |   |   |   |   |   |   |--- feature_47 <= 0.50
|   |   |   |   |   |   |   |   |--- class: negative
|   |   |   |   |   |   |   |--- feature_47 >  0.50
|   |   |   |   |   |   |   |   |--- class: positive
|   |   |   |   |   |--- feature_16 >  0.77
|   |   |   |   |   |   |--- class: negative
|   |   |   |   |--- feature_5 >  42.12
|   |   |   |   |   |--- feature_13 <= 6.03
|   |   |   |   |   |   |--- feature_13 <= 6.00
|   |   |   |   |   |   |   |--- class: positive
|   |   |   |   |   |   |--- feature_13 >  6.00
|   |   |   |   |   |   |   |--- feature_10 <= 9.90
|   |   |   |   |   |   |   |   |--- feature_9 <= 7.15
|   |   |   |   |   |   |   |   |   |--- feature_1 <= 22.50
|   |   |   |   |   |   |   |   |   |   |--- class: negative
|   |   |   |   |   |   |   |   |   |--- feature_1 >  22.50
|   |   |   |   |   |   |   |   |   |   |--- class: positive
|   |   |   |   |   |   |   |   |--- feature_9 >  7.15
|   |   |   |   |   |   |   |   |   |--- class: positive
|   |   |   |   |   |   |   |--- feature_10 >  9.90
|   |   |   |   |   |   |   |   |--- class: negative
|   |   |   |   |   |--- feature_13 >  6.03
|   |   |   |   |   |   |--- class: positive
|   |   |   |--- feature_12 >  22.45
|   |   |   |   |--- feature_13 <= 7.00
|   |   |   |   |   |--- feature_13 <= 6.00
|   |   |   |   |   |   |--- class: positive
|   |   |   |   |   |--- feature_13 >  6.00
|   |   |   |   |   |   |--- feature_13 <= 6.00
|   |   |   |   |   |   |   |--- feature_12 <= 66.60
|   |   |   |   |   |   |   |   |--- class: negative
|   |   |   |   |   |   |   |--- feature_12 >  66.60
|   |   |   |   |   |   |   |   |--- class: positive
|   |   |   |   |   |   |--- feature_13 >  6.00
|   |   |   |   |   |   |   |--- feature_13 <= 7.00
|   |   |   |   |   |   |   |   |--- class: positive
|   |   |   |   |   |   |   |--- feature_13 >  7.00
|   |   |   |   |   |   |   |   |--- class: negative
|   |   |   |   |--- feature_13 >  7.00
|   |   |   |   |   |--- class: positive
|   |--- feature_13 >  8.00
|   |   |--- feature_1 <= 16066.50
|   |   |   |--- feature_12 <= 36.82
|   |   |   |   |--- feature_40 <= 0.00
|   |   |   |   |   |--- feature_20 <= 1.00
|   |   |   |   |   |   |--- feature_20 <= 0.00
|   |   |   |   |   |   |   |--- feature_12 <= 15.83
|   |   |   |   |   |   |   |   |--- feature_10 <= 9.81
|   |   |   |   |   |   |   |   |   |--- feature_11 <= 5.60
|   |   |   |   |   |   |   |   |   |   |--- feature_12 <= 0.31
|   |   |   |   |   |   |   |   |   |   |   |--- truncated branch of depth 2
|   |   |   |   |   |   |   |   |   |   |--- feature_12 >  0.31
|   |   |   |   |   |   |   |   |   |   |   |--- truncated branch of depth 3
|   |   |   |   |   |   |   |   |   |--- feature_11 >  5.60
|   |   |   |   |   |   |   |   |   |   |--- feature_9 <= 8.50
|   |   |   |   |   |   |   |   |   |   |   |--- class: negative
|   |   |   |   |   |   |   |   |   |   |--- feature_9 >  8.50
|   |   |   |   |   |   |   |   |   |   |   |--- truncated branch of depth 4
|   |   |   |   |   |   |   |   |--- feature_10 >  9.81
|   |   |   |   |   |   |   |   |   |--- feature_1 <= 75.00
|   |   |   |   |   |   |   |   |   |   |--- feature_1 <= 50.50
|   |   |   |   |   |   |   |   |   |   |   |--- truncated branch of depth 8
|   |   |   |   |   |   |   |   |   |   |--- feature_1 >  50.50
|   |   |   |   |   |   |   |   |   |   |   |--- class: positive
|   |   |   |   |   |   |   |   |   |--- feature_1 >  75.00
|   |   |   |   |   |   |   |   |   |   |--- class: negative
|   |   |   |   |   |   |   |--- feature_12 >  15.83
|   |   |   |   |   |   |   |   |--- feature_0 <= 1934.50
|   |   |   |   |   |   |   |   |   |--- feature_2 <= 8.50
|   |   |   |   |   |   |   |   |   |   |--- feature_9 <= 4.60
|   |   |   |   |   |   |   |   |   |   |   |--- class: negative
|   |   |   |   |   |   |   |   |   |   |--- feature_9 >  4.60
|   |   |   |   |   |   |   |   |   |   |   |--- truncated branch of depth 2
|   |   |   |   |   |   |   |   |   |--- feature_2 >  8.50
|   |   |   |   |   |   |   |   |   |   |--- class: negative
|   |   |   |   |   |   |   |   |--- feature_0 >  1934.50
|   |   |   |   |   |   |   |   |   |--- feature_6 <= -100.40
|   |   |   |   |   |   |   |   |   |   |--- feature_45 <= 0.46
|   |   |   |   |   |   |   |   |   |   |   |--- truncated branch of depth 5
|   |   |   |   |   |   |   |   |   |   |--- feature_45 >  0.46
|   |   |   |   |   |   |   |   |   |   |   |--- class: positive
|   |   |   |   |   |   |   |   |   |--- feature_6 >  -100.40
|   |   |   |   |   |   |   |   |   |   |--- feature_9 <= 5.99
|   |   |   |   |   |   |   |   |   |   |   |--- truncated branch of depth 2
|   |   |   |   |   |   |   |   |   |   |--- feature_9 >  5.99
|   |   |   |   |   |   |   |   |   |   |   |--- class: negative
|   |   |   |   |   |   |--- feature_20 >  0.00
|   |   |   |   |   |   |   |--- class: positive
|   |   |   |   |   |--- feature_20 >  1.00
|   |   |   |   |   |   |--- feature_9 <= 18.32
|   |   |   |   |   |   |   |--- feature_14 <= 1.50
|   |   |   |   |   |   |   |   |--- feature_11 <= 4.83
|   |   |   |   |   |   |   |   |   |--- feature_0 <= 1932.50
|   |   |   |   |   |   |   |   |   |   |--- feature_0 <= 1921.00
|   |   |   |   |   |   |   |   |   |   |   |--- truncated branch of depth 2
|   |   |   |   |   |   |   |   |   |   |--- feature_0 >  1921.00
|   |   |   |   |   |   |   |   |   |   |   |--- class: positive
|   |   |   |   |   |   |   |   |   |--- feature_0 >  1932.50
|   |   |   |   |   |   |   |   |   |   |--- feature_10 <= 10.70
|   |   |   |   |   |   |   |   |   |   |   |--- truncated branch of depth 4
|   |   |   |   |   |   |   |   |   |   |--- feature_10 >  10.70
|   |   |   |   |   |   |   |   |   |   |   |--- class: negative
|   |   |   |   |   |   |   |   |--- feature_11 >  4.83
|   |   |   |   |   |   |   |   |   |--- feature_2 <= 1.50
|   |   |   |   |   |   |   |   |   |   |--- class: positive
|   |   |   |   |   |   |   |   |   |--- feature_2 >  1.50
|   |   |   |   |   |   |   |   |   |   |--- class: negative
|   |   |   |   |   |   |   |--- feature_14 >  1.50
|   |   |   |   |   |   |   |   |--- feature_0 <= 1960.50
|   |   |   |   |   |   |   |   |   |--- feature_1 <= 27.50
|   |   |   |   |   |   |   |   |   |   |--- feature_6 <= -97.15
|   |   |   |   |   |   |   |   |   |   |   |--- class: negative
|   |   |   |   |   |   |   |   |   |   |--- feature_6 >  -97.15
|   |   |   |   |   |   |   |   |   |   |   |--- truncated branch of depth 6
|   |   |   |   |   |   |   |   |   |--- feature_1 >  27.50
|   |   |   |   |   |   |   |   |   |   |--- feature_5 <= 40.04
|   |   |   |   |   |   |   |   |   |   |   |--- class: positive
|   |   |   |   |   |   |   |   |   |   |--- feature_5 >  40.04
|   |   |   |   |   |   |   |   |   |   |   |--- truncated branch of depth 4
|   |   |   |   |   |   |   |   |--- feature_0 >  1960.50
|   |   |   |   |   |   |   |   |   |--- feature_6 <= -97.69
|   |   |   |   |   |   |   |   |   |   |--- feature_44 <= 0.94
|   |   |   |   |   |   |   |   |   |   |   |--- class: positive
|   |   |   |   |   |   |   |   |   |   |--- feature_44 >  0.94
|   |   |   |   |   |   |   |   |   |   |   |--- truncated branch of depth 6
|   |   |   |   |   |   |   |   |   |--- feature_6 >  -97.69
|   |   |   |   |   |   |   |   |   |   |--- feature_1 <= 4527.00
|   |   |   |   |   |   |   |   |   |   |   |--- class: negative
|   |   |   |   |   |   |   |   |   |   |--- feature_1 >  4527.00
|   |   |   |   |   |   |   |   |   |   |   |--- class: positive
|   |   |   |   |   |   |--- feature_9 >  18.32
|   |   |   |   |   |   |   |--- feature_2 <= 12.50
|   |   |   |   |   |   |   |   |--- feature_9 <= 28.54
|   |   |   |   |   |   |   |   |   |--- feature_0 <= 1922.50
|   |   |   |   |   |   |   |   |   |   |--- class: positive
|   |   |   |   |   |   |   |   |   |--- feature_0 >  1922.50
|   |   |   |   |   |   |   |   |   |   |--- feature_15 <= 23.50
|   |   |   |   |   |   |   |   |   |   |   |--- truncated branch of depth 4
|   |   |   |   |   |   |   |   |   |   |--- feature_15 >  23.50
|   |   |   |   |   |   |   |   |   |   |   |--- truncated branch of depth 5
|   |   |   |   |   |   |   |   |--- feature_9 >  28.54
|   |   |   |   |   |   |   |   |   |--- class: negative
|   |   |   |   |   |   |   |--- feature_2 >  12.50
|   |   |   |   |   |   |   |   |--- feature_1 <= 1822.50
|   |   |   |   |   |   |   |   |   |--- class: positive
|   |   |   |   |   |   |   |   |--- feature_1 >  1822.50
|   |   |   |   |   |   |   |   |   |--- class: negative
|   |   |   |   |--- feature_40 >  0.00
|   |   |   |   |   |--- feature_40 <= 1.00
|   |   |   |   |   |   |--- class: positive
|   |   |   |   |   |--- feature_40 >  1.00
|   |   |   |   |   |   |--- feature_0 <= 1967.00
|   |   |   |   |   |   |   |--- feature_6 <= -96.33
|   |   |   |   |   |   |   |   |--- feature_5 <= 41.93
|   |   |   |   |   |   |   |   |   |--- feature_5 <= 41.83
|   |   |   |   |   |   |   |   |   |   |--- feature_5 <= 40.85
|   |   |   |   |   |   |   |   |   |   |   |--- class: negative
|   |   |   |   |   |   |   |   |   |   |--- feature_5 >  40.85
|   |   |   |   |   |   |   |   |   |   |   |--- truncated branch of depth 5
|   |   |   |   |   |   |   |   |   |--- feature_5 >  41.83
|   |   |   |   |   |   |   |   |   |   |--- class: positive
|   |   |   |   |   |   |   |   |--- feature_5 >  41.93
|   |   |   |   |   |   |   |   |   |--- class: negative
|   |   |   |   |   |   |   |--- feature_6 >  -96.33
|   |   |   |   |   |   |   |   |--- class: positive
|   |   |   |   |   |   |--- feature_0 >  1967.00
|   |   |   |   |   |   |   |--- class: positive
|   |   |   |--- feature_12 >  36.82
|   |   |   |   |--- feature_10 <= 302.86
|   |   |   |   |   |--- feature_10 <= 34.25
|   |   |   |   |   |   |--- feature_11 <= 7.87
|   |   |   |   |   |   |   |--- feature_29 <= 0.02
|   |   |   |   |   |   |   |   |--- feature_10 <= 25.15
|   |   |   |   |   |   |   |   |   |--- class: negative
|   |   |   |   |   |   |   |   |--- feature_10 >  25.15
|   |   |   |   |   |   |   |   |   |--- feature_0 <= 1948.50
|   |   |   |   |   |   |   |   |   |   |--- class: negative
|   |   |   |   |   |   |   |   |   |--- feature_0 >  1948.50
|   |   |   |   |   |   |   |   |   |   |--- feature_36 <= 0.50
|   |   |   |   |   |   |   |   |   |   |   |--- class: positive
|   |   |   |   |   |   |   |   |   |   |--- feature_36 >  0.50
|   |   |   |   |   |   |   |   |   |   |   |--- class: negative
|   |   |   |   |   |   |   |--- feature_29 >  0.02
|   |   |   |   |   |   |   |   |--- feature_12 <= 63.00
|   |   |   |   |   |   |   |   |   |--- feature_0 <= 1922.50
|   |   |   |   |   |   |   |   |   |   |--- class: negative
|   |   |   |   |   |   |   |   |   |--- feature_0 >  1922.50
|   |   |   |   |   |   |   |   |   |   |--- feature_2 <= 5.00
|   |   |   |   |   |   |   |   |   |   |   |--- class: positive
|   |   |   |   |   |   |   |   |   |   |--- feature_2 >  5.00
|   |   |   |   |   |   |   |   |   |   |   |--- class: negative
|   |   |   |   |   |   |   |   |--- feature_12 >  63.00
|   |   |   |   |   |   |   |   |   |--- class: negative
|   |   |   |   |   |   |--- feature_11 >  7.87
|   |   |   |   |   |   |   |--- class: negative
|   |   |   |   |   |--- feature_10 >  34.25
|   |   |   |   |   |   |--- feature_29 <= 0.92
|   |   |   |   |   |   |   |--- feature_29 <= 0.00
|   |   |   |   |   |   |   |   |--- feature_7 <= 20.50
|   |   |   |   |   |   |   |   |   |--- feature_10 <= 36.26
|   |   |   |   |   |   |   |   |   |   |--- feature_1 <= 2257.50
|   |   |   |   |   |   |   |   |   |   |   |--- class: negative
|   |   |   |   |   |   |   |   |   |   |--- feature_1 >  2257.50
|   |   |   |   |   |   |   |   |   |   |   |--- truncated branch of depth 2
|   |   |   |   |   |   |   |   |   |--- feature_10 >  36.26
|   |   |   |   |   |   |   |   |   |   |--- feature_27 <= 0.23
|   |   |   |   |   |   |   |   |   |   |   |--- class: negative
|   |   |   |   |   |   |   |   |   |   |--- feature_27 >  0.23
|   |   |   |   |   |   |   |   |   |   |   |--- truncated branch of depth 2
|   |   |   |   |   |   |   |   |--- feature_7 >  20.50
|   |   |   |   |   |   |   |   |   |--- feature_7 <= 29.50
|   |   |   |   |   |   |   |   |   |   |--- class: positive
|   |   |   |   |   |   |   |   |   |--- feature_7 >  29.50
|   |   |   |   |   |   |   |   |   |   |--- feature_20 <= 0.09
|   |   |   |   |   |   |   |   |   |   |   |--- class: negative
|   |   |   |   |   |   |   |   |   |   |--- feature_20 >  0.09
|   |   |   |   |   |   |   |   |   |   |   |--- truncated branch of depth 2
|   |   |   |   |   |   |   |--- feature_29 >  0.00
|   |   |   |   |   |   |   |   |--- class: positive
|   |   |   |   |   |   |--- feature_29 >  0.92
|   |   |   |   |   |   |   |--- feature_36 <= 0.18
|   |   |   |   |   |   |   |   |--- class: negative
|   |   |   |   |   |   |   |--- feature_36 >  0.18
|   |   |   |   |   |   |   |   |--- feature_12 <= 57.08
|   |   |   |   |   |   |   |   |   |--- class: negative
|   |   |   |   |   |   |   |   |--- feature_12 >  57.08
|   |   |   |   |   |   |   |   |   |--- class: positive
|   |   |   |   |--- feature_10 >  302.86
|   |   |   |   |   |--- class: positive
|   |   |--- feature_1 >  16066.50
|   |   |   |--- feature_11 <= 12.90
|   |   |   |   |--- feature_12 <= 40.50
|   |   |   |   |   |--- feature_9 <= 11.15
|   |   |   |   |   |   |--- class: negative
|   |   |   |   |   |--- feature_9 >  11.15
|   |   |   |   |   |   |--- class: positive
|   |   |   |   |--- feature_12 >  40.50
|   |   |   |   |   |--- class: positive
|   |   |   |--- feature_11 >  12.90
|   |   |   |   |--- class: negative
|--- feature_0 >  1969.50
|   |--- feature_0 <= 1986.50
|   |   |--- feature_44 <= 1.00
|   |   |   |--- feature_44 <= 0.00
|   |   |   |   |--- feature_45 <= 0.98
|   |   |   |   |   |--- feature_9 <= 9.60
|   |   |   |   |   |   |--- feature_18 <= 0.50
|   |   |   |   |   |   |   |--- class: negative
|   |   |   |   |   |   |--- feature_18 >  0.50
|   |   |   |   |   |   |   |--- feature_9 <= 8.20
|   |   |   |   |   |   |   |   |--- class: negative
|   |   |   |   |   |   |   |--- feature_9 >  8.20
|   |   |   |   |   |   |   |   |--- class: positive
|   |   |   |   |   |--- feature_9 >  9.60
|   |   |   |   |   |   |--- feature_36 <= 0.24
|   |   |   |   |   |   |   |--- feature_5 <= 41.48
|   |   |   |   |   |   |   |   |--- feature_45 <= 0.08
|   |   |   |   |   |   |   |   |   |--- feature_6 <= -97.13
|   |   |   |   |   |   |   |   |   |   |--- class: negative
|   |   |   |   |   |   |   |   |   |--- feature_6 >  -97.13
|   |   |   |   |   |   |   |   |   |   |--- feature_12 <= 63.18
|   |   |   |   |   |   |   |   |   |   |   |--- truncated branch of depth 6
|   |   |   |   |   |   |   |   |   |   |--- feature_12 >  63.18
|   |   |   |   |   |   |   |   |   |   |   |--- truncated branch of depth 3
|   |   |   |   |   |   |   |   |--- feature_45 >  0.08
|   |   |   |   |   |   |   |   |   |--- class: positive
|   |   |   |   |   |   |   |--- feature_5 >  41.48
|   |   |   |   |   |   |   |   |--- feature_1 <= 73.50
|   |   |   |   |   |   |   |   |   |--- feature_6 <= -98.95
|   |   |   |   |   |   |   |   |   |   |--- class: negative
|   |   |   |   |   |   |   |   |   |--- feature_6 >  -98.95
|   |   |   |   |   |   |   |   |   |   |--- feature_26 <= 0.96
|   |   |   |   |   |   |   |   |   |   |   |--- truncated branch of depth 2
|   |   |   |   |   |   |   |   |   |   |--- feature_26 >  0.96
|   |   |   |   |   |   |   |   |   |   |   |--- truncated branch of depth 2
|   |   |   |   |   |   |   |   |--- feature_1 >  73.50
|   |   |   |   |   |   |   |   |   |--- feature_13 <= 7.60
|   |   |   |   |   |   |   |   |   |   |--- feature_7 <= 3.00
|   |   |   |   |   |   |   |   |   |   |   |--- class: negative
|   |   |   |   |   |   |   |   |   |   |--- feature_7 >  3.00
|   |   |   |   |   |   |   |   |   |   |   |--- class: positive
|   |   |   |   |   |   |   |   |   |--- feature_13 >  7.60
|   |   |   |   |   |   |   |   |   |   |--- class: negative
|   |   |   |   |   |   |--- feature_36 >  0.24
|   |   |   |   |   |   |   |--- feature_5 <= 41.33
|   |   |   |   |   |   |   |   |--- class: positive
|   |   |   |   |   |   |   |--- feature_5 >  41.33
|   |   |   |   |   |   |   |   |--- class: negative
|   |   |   |   |--- feature_45 >  0.98
|   |   |   |   |   |--- feature_11 <= 8.00
|   |   |   |   |   |   |--- feature_0 <= 1984.50
|   |   |   |   |   |   |   |--- class: negative
|   |   |   |   |   |   |--- feature_0 >  1984.50
|   |   |   |   |   |   |   |--- class: positive
|   |   |   |   |   |--- feature_11 >  8.00
|   |   |   |   |   |   |--- class: negative
|   |   |   |--- feature_44 >  0.00
|   |   |   |   |--- class: positive
|   |   |--- feature_44 >  1.00
|   |   |   |--- feature_22 <= 0.01
|   |   |   |   |--- feature_12 <= 37.70
|   |   |   |   |   |--- feature_1 <= 37.50
|   |   |   |   |   |   |--- class: negative
|   |   |   |   |   |--- feature_1 >  37.50
|   |   |   |   |   |   |--- feature_32 <= 0.04
|   |   |   |   |   |   |   |--- class: negative
|   |   |   |   |   |   |--- feature_32 >  0.04
|   |   |   |   |   |   |   |--- feature_32 <= 1.00
|   |   |   |   |   |   |   |   |--- class: positive
|   |   |   |   |   |   |   |--- feature_32 >  1.00
|   |   |   |   |   |   |   |   |--- feature_9 <= 15.05
|   |   |   |   |   |   |   |   |   |--- feature_12 <= 28.72
|   |   |   |   |   |   |   |   |   |   |--- feature_6 <= -96.97
|   |   |   |   |   |   |   |   |   |   |   |--- truncated branch of depth 7
|   |   |   |   |   |   |   |   |   |   |--- feature_6 >  -96.97
|   |   |   |   |   |   |   |   |   |   |   |--- class: negative
|   |   |   |   |   |   |   |   |   |--- feature_12 >  28.72
|   |   |   |   |   |   |   |   |   |   |--- feature_0 <= 1977.00
|   |   |   |   |   |   |   |   |   |   |   |--- truncated branch of depth 6
|   |   |   |   |   |   |   |   |   |   |--- feature_0 >  1977.00
|   |   |   |   |   |   |   |   |   |   |   |--- truncated branch of depth 2
|   |   |   |   |   |   |   |   |--- feature_9 >  15.05
|   |   |   |   |   |   |   |   |   |--- feature_6 <= -96.47
|   |   |   |   |   |   |   |   |   |   |--- class: negative
|   |   |   |   |   |   |   |   |   |--- feature_6 >  -96.47
|   |   |   |   |   |   |   |   |   |   |--- feature_1 <= 112.00
|   |   |   |   |   |   |   |   |   |   |   |--- class: negative
|   |   |   |   |   |   |   |   |   |   |--- feature_1 >  112.00
|   |   |   |   |   |   |   |   |   |   |   |--- class: positive
|   |   |   |   |--- feature_12 >  37.70
|   |   |   |   |   |--- feature_13 <= 7.63
|   |   |   |   |   |   |--- feature_2 <= 0.50
|   |   |   |   |   |   |   |--- feature_13 <= 6.29
|   |   |   |   |   |   |   |   |--- feature_5 <= 41.49
|   |   |   |   |   |   |   |   |   |--- feature_5 <= 41.45
|   |   |   |   |   |   |   |   |   |   |--- feature_26 <= 0.12
|   |   |   |   |   |   |   |   |   |   |   |--- truncated branch of depth 3
|   |   |   |   |   |   |   |   |   |   |--- feature_26 >  0.12
|   |   |   |   |   |   |   |   |   |   |   |--- truncated branch of depth 4
|   |   |   |   |   |   |   |   |   |--- feature_5 >  41.45
|   |   |   |   |   |   |   |   |   |   |--- class: positive
|   |   |   |   |   |   |   |   |--- feature_5 >  41.49
|   |   |   |   |   |   |   |   |   |--- class: negative
|   |   |   |   |   |   |   |--- feature_13 >  6.29
|   |   |   |   |   |   |   |   |--- class: positive
|   |   |   |   |   |   |--- feature_2 >  0.50
|   |   |   |   |   |   |   |--- feature_2 <= 9.50
|   |   |   |   |   |   |   |   |--- feature_10 <= 90.92
|   |   |   |   |   |   |   |   |   |--- class: positive
|   |   |   |   |   |   |   |   |--- feature_10 >  90.92
|   |   |   |   |   |   |   |   |   |--- class: negative
|   |   |   |   |   |   |   |--- feature_2 >  9.50
|   |   |   |   |   |   |   |   |--- feature_12 <= 63.04
|   |   |   |   |   |   |   |   |   |--- class: negative
|   |   |   |   |   |   |   |   |--- feature_12 >  63.04
|   |   |   |   |   |   |   |   |   |--- feature_7 <= 20.00
|   |   |   |   |   |   |   |   |   |   |--- class: positive
|   |   |   |   |   |   |   |   |   |--- feature_7 >  20.00
|   |   |   |   |   |   |   |   |   |   |--- class: negative
|   |   |   |   |   |--- feature_13 >  7.63
|   |   |   |   |   |   |--- feature_30 <= 0.12
|   |   |   |   |   |   |   |--- feature_21 <= 0.50
|   |   |   |   |   |   |   |   |--- class: negative
|   |   |   |   |   |   |   |--- feature_21 >  0.50
|   |   |   |   |   |   |   |   |--- feature_10 <= 35.95
|   |   |   |   |   |   |   |   |   |--- class: positive
|   |   |   |   |   |   |   |   |--- feature_10 >  35.95
|   |   |   |   |   |   |   |   |   |--- feature_6 <= -101.14
|   |   |   |   |   |   |   |   |   |   |--- feature_11 <= 9.80
|   |   |   |   |   |   |   |   |   |   |   |--- class: positive
|   |   |   |   |   |   |   |   |   |   |--- feature_11 >  9.80
|   |   |   |   |   |   |   |   |   |   |   |--- class: negative
|   |   |   |   |   |   |   |   |   |--- feature_6 >  -101.14
|   |   |   |   |   |   |   |   |   |   |--- class: negative
|   |   |   |   |   |   |--- feature_30 >  0.12
|   |   |   |   |   |   |   |--- class: positive
|   |   |   |--- feature_22 >  0.01
|   |   |   |   |--- feature_22 <= 0.98
|   |   |   |   |   |--- class: positive
|   |   |   |   |--- feature_22 >  0.98
|   |   |   |   |   |--- feature_12 <= 8.55
|   |   |   |   |   |   |--- feature_12 <= 6.32
|   |   |   |   |   |   |   |--- feature_0 <= 1972.50
|   |   |   |   |   |   |   |   |--- class: positive
|   |   |   |   |   |   |   |--- feature_0 >  1972.50
|   |   |   |   |   |   |   |   |--- class: negative
|   |   |   |   |   |   |--- feature_12 >  6.32
|   |   |   |   |   |   |   |--- feature_1 <= 24.50
|   |   |   |   |   |   |   |   |--- class: negative
|   |   |   |   |   |   |   |--- feature_1 >  24.50
|   |   |   |   |   |   |   |   |--- feature_6 <= -99.10
|   |   |   |   |   |   |   |   |   |--- class: negative
|   |   |   |   |   |   |   |   |--- feature_6 >  -99.10
|   |   |   |   |   |   |   |   |   |--- class: positive
|   |   |   |   |   |--- feature_12 >  8.55
|   |   |   |   |   |   |--- feature_5 <= 42.68
|   |   |   |   |   |   |   |--- class: negative
|   |   |   |   |   |   |--- feature_5 >  42.68
|   |   |   |   |   |   |   |--- feature_10 <= 8.20
|   |   |   |   |   |   |   |   |--- class: negative
|   |   |   |   |   |   |   |--- feature_10 >  8.20
|   |   |   |   |   |   |   |   |--- class: positive
|   |--- feature_0 >  1986.50
|   |   |--- feature_17 <= 0.09
|   |   |   |--- feature_11 <= 8.40
|   |   |   |   |--- feature_18 <= 0.10
|   |   |   |   |   |--- feature_1 <= 94.00
|   |   |   |   |   |   |--- feature_26 <= 0.50
|   |   |   |   |   |   |   |--- class: negative
|   |   |   |   |   |   |--- feature_26 >  0.50
|   |   |   |   |   |   |   |--- feature_12 <= 19.35
|   |   |   |   |   |   |   |   |--- class: positive
|   |   |   |   |   |   |   |--- feature_12 >  19.35
|   |   |   |   |   |   |   |   |--- class: negative
|   |   |   |   |   |--- feature_1 >  94.00
|   |   |   |   |   |   |--- feature_5 <= 40.83
|   |   |   |   |   |   |   |--- feature_11 <= 7.14
|   |   |   |   |   |   |   |   |--- class: negative
|   |   |   |   |   |   |   |--- feature_11 >  7.14
|   |   |   |   |   |   |   |   |--- class: positive
|   |   |   |   |   |   |--- feature_5 >  40.83
|   |   |   |   |   |   |   |--- class: negative
|   |   |   |   |--- feature_18 >  0.10
|   |   |   |   |   |--- feature_18 <= 0.97
|   |   |   |   |   |   |--- class: positive
|   |   |   |   |   |--- feature_18 >  0.97
|   |   |   |   |   |   |--- feature_32 <= 0.07
|   |   |   |   |   |   |   |--- class: negative
|   |   |   |   |   |   |--- feature_32 >  0.07
|   |   |   |   |   |   |   |--- feature_9 <= 17.86
|   |   |   |   |   |   |   |   |--- class: positive
|   |   |   |   |   |   |   |--- feature_9 >  17.86
|   |   |   |   |   |   |   |   |--- class: negative
|   |   |   |--- feature_11 >  8.40
|   |   |   |   |--- feature_12 <= 19.35
|   |   |   |   |   |--- feature_7 <= 32.50
|   |   |   |   |   |   |--- class: negative
|   |   |   |   |   |--- feature_7 >  32.50
|   |   |   |   |   |   |--- class: positive
|   |   |   |   |--- feature_12 >  19.35
|   |   |   |   |   |--- feature_5 <= 42.78
|   |   |   |   |   |   |--- class: negative
|   |   |   |   |   |--- feature_5 >  42.78
|   |   |   |   |   |   |--- feature_5 <= 42.79
|   |   |   |   |   |   |   |--- class: positive
|   |   |   |   |   |   |--- feature_5 >  42.79
|   |   |   |   |   |   |   |--- class: negative
|   |   |--- feature_17 >  0.09
|   |   |   |--- feature_17 <= 1.00
|   |   |   |   |--- class: positive
|   |   |   |--- feature_17 >  1.00
|   |   |   |   |--- feature_6 <= -97.12
|   |   |   |   |   |--- class: negative
|   |   |   |   |--- feature_6 >  -97.12
|   |   |   |   |   |--- feature_6 <= -96.83
|   |   |   |   |   |   |--- feature_2 <= 3.50
|   |   |   |   |   |   |   |--- feature_1 <= 44.50
|   |   |   |   |   |   |   |   |--- class: negative
|   |   |   |   |   |   |   |--- feature_1 >  44.50
|   |   |   |   |   |   |   |   |--- feature_5 <= 40.74
|   |   |   |   |   |   |   |   |   |--- class: negative
|   |   |   |   |   |   |   |   |--- feature_5 >  40.74
|   |   |   |   |   |   |   |   |   |--- feature_6 <= -97.00
|   |   |   |   |   |   |   |   |   |   |--- feature_10 <= 32.64
|   |   |   |   |   |   |   |   |   |   |   |--- class: negative
|   |   |   |   |   |   |   |   |   |   |--- feature_10 >  32.64
|   |   |   |   |   |   |   |   |   |   |   |--- class: positive
|   |   |   |   |   |   |   |   |   |--- feature_6 >  -97.00
|   |   |   |   |   |   |   |   |   |   |--- feature_5 <= 42.04
|   |   |   |   |   |   |   |   |   |   |   |--- truncated branch of depth 3
|   |   |   |   |   |   |   |   |   |   |--- feature_5 >  42.04
|   |   |   |   |   |   |   |   |   |   |   |--- class: negative
|   |   |   |   |   |   |--- feature_2 >  3.50
|   |   |   |   |   |   |   |--- class: negative
|   |   |   |   |   |--- feature_6 >  -96.83
|   |   |   |   |   |   |--- feature_27 <= 0.50
|   |   |   |   |   |   |   |--- class: negative
|   |   |   |   |   |   |--- feature_27 >  0.50
|   |   |   |   |   |   |   |--- feature_12 <= 65.70
|   |   |   |   |   |   |   |   |--- class: negative
|   |   |   |   |   |   |   |--- feature_12 >  65.70
|   |   |   |   |   |   |   |   |--- class: positive
